
Classification report for Naive Bayes
              precision    recall  f1-score   support

           0       0.67      0.73      0.70       633
           1       0.52      0.52      0.52       299
           2       0.57      0.55      0.56       385
           3       0.66      0.71      0.68       610
           4       0.50      0.45      0.47       961

    accuracy                           0.59      2888
   macro avg       0.58      0.59      0.59      2888
weighted avg       0.58      0.59      0.58      2888

Naive Bayes - Accuracy: 0.5858725761772853,Balanced Accuracye:0.5909679040621002, F1 Micro: 0.5858725761772853, F1 Macro: 0.5859682648556745
F2 Micro: 0.5858725761772853, F2 Macro: 0.5887891426013784, Precision: 0.582436752709046, Recall: 0.5909679040621002, ROC_AUC: 0.8569257670687321

Classification report for Logistic Regression
              precision    recall  f1-score   support

           0       0.69      0.75      0.72       633
           1       0.56      0.41      0.47       299
           2       0.59      0.44      0.51       385
           3       0.66      0.68      0.67       610
           4       0.49      0.54      0.52       961

    accuracy                           0.59      2888
   macro avg       0.60      0.57      0.58      2888
weighted avg       0.59      0.59      0.59      2888

Logistic Regression - Accuracy: 0.5907202216066482,Balanced Accuracye:0.5654498620600872, F1 Micro: 0.5907202216066482, F1 Macro: 0.576821770824307
F2 Micro: 0.5907202216066482, F2 Macro: 0.5690068925862046, Precision: 0.5984001002157016, Recall: 0.5654498620600872, ROC_AUC: 0.8736505425798992

Classification report for Decision Tree
              precision    recall  f1-score   support

           0       0.68      0.65      0.66       633
           1       0.18      0.02      0.03       299
           2       0.44      0.15      0.22       385
           3       0.61      0.58      0.59       610
           4       0.40      0.65      0.49       961

    accuracy                           0.50      2888
   macro avg       0.46      0.41      0.40      2888
weighted avg       0.49      0.50      0.47      2888

Decision Tree - Accuracy: 0.49965373961218834,Balanced Accuracye:0.40641934896537063, F1 Micro: 0.49965373961218834, F1 Macro: 0.39962929913578465
F2 Micro: 0.4996537396121884, F2 Macro: 0.39995547229116213, Precision: 0.4612537979556248, Recall: 0.40641934896537063, ROC_AUC: 0.7135715595945792

Classification report for Random Forest
              precision    recall  f1-score   support

           0       0.63      0.64      0.64       633
           1       0.38      0.33      0.36       299
           2       0.45      0.33      0.38       385
           3       0.55      0.60      0.58       610
           4       0.35      0.38      0.36       961

    accuracy                           0.47      2888
   macro avg       0.47      0.46      0.46      2888
weighted avg       0.47      0.47      0.47      2888

Random Forest - Accuracy: 0.4726454293628809,Balanced Accuracye:0.45757592611163717, F1 Micro: 0.4726454293628809, F1 Macro: 0.4622294316483827
F2 Micro: 0.4726454293628809, F2 Macro: 0.45895850483305994, Precision: 0.4716897763529664, Recall: 0.45757592611163717, ROC_AUC: 0.7854656182875072

Classification report for LinearSVM
              precision    recall  f1-score   support

           0       0.64      0.87      0.74       633
           1       0.59      0.46      0.52       299
           2       0.63      0.44      0.52       385
           3       0.61      0.85      0.71       610
           4       0.58      0.42      0.48       961

    accuracy                           0.61      2888
   macro avg       0.61      0.61      0.59      2888
weighted avg       0.61      0.61      0.60      2888

LinearSVM - Accuracy: 0.6142659279778393,Balanced Accuracye:0.6071571881471234, F1 Micro: 0.6142659279778393, F1 Macro: 0.594798192873165
F2 Micro: 0.6142659279778393, F2 Macro: 0.5986725498063677, Precision: 0.6116465740367745, Recall: 0.6071571881471234, ROC_AUC: 0.8617180038056926

Classification report for KNN
              precision    recall  f1-score   support

           0       0.56      0.75      0.64       633
           1       0.45      0.46      0.45       299
           2       0.54      0.45      0.49       385
           3       0.62      0.70      0.65       610
           4       0.49      0.37      0.42       961

    accuracy                           0.54      2888
   macro avg       0.53      0.54      0.53      2888
weighted avg       0.53      0.54      0.53      2888

KNN - Accuracy: 0.5418975069252078,Balanced Accuracye:0.5446275357151221, F1 Micro: 0.5418975069252078, F1 Macro: 0.5323268690514233
F2 Micro: 0.5418975069252078, F2 Macro: 0.5383024394758136, Precision: 0.5312697522377867, Recall: 0.5446275357151221, ROC_AUC: 0.8095070647025459

Classification report for AdaBoost
              precision    recall  f1-score   support

           0       0.73      0.58      0.64       633
           1       0.60      0.18      0.28       299
           2       0.54      0.11      0.19       385
           3       0.67      0.50      0.57       610
           4       0.40      0.73      0.52       961

    accuracy                           0.51      2888
   macro avg       0.59      0.42      0.44      2888
weighted avg       0.57      0.51      0.49      2888

AdaBoost - Accuracy: 0.5090027700831025,Balanced Accuracye:0.42041696403968754, F1 Micro: 0.5090027700831025, F1 Macro: 0.43960093730503064
F2 Micro: 0.5090027700831025, F2 Macro: 0.4200276886958664, Precision: 0.5878192990309918, Recall: 0.42041696403968754, ROC_AUC: 0.8025143604538725

Classification report for XGBoost
              precision    recall  f1-score   support

           0       0.70      0.67      0.69       633
           1       0.53      0.16      0.25       299
           2       0.60      0.20      0.30       385
           3       0.64      0.53      0.58       610
           4       0.41      0.67      0.51       961

    accuracy                           0.53      2888
   macro avg       0.58      0.45      0.46      2888
weighted avg       0.56      0.53      0.51      2888

XGBoost - Accuracy: 0.5252770083102493,Balanced Accuracye:0.44657417356094664, F1 Micro: 0.5252770083102493, F1 Macro: 0.46492217784150347
F2 Micro: 0.5252770083102493, F2 Macro: 0.4480580780665625, Precision: 0.5771589020739835, Recall: 0.44657417356094664, ROC_AUC: 0.7932123925862359

Classification report for GradientBoosting
              precision    recall  f1-score   support

           0       0.70      0.71      0.70       633
           1       0.60      0.17      0.27       299
           2       0.60      0.20      0.30       385
           3       0.65      0.58      0.61       610
           4       0.42      0.65      0.51       961

    accuracy                           0.54      2888
   macro avg       0.59      0.46      0.48      2888
weighted avg       0.57      0.54      0.52      2888

GradientBoosting - Accuracy: 0.5370498614958449,Balanced Accuracye:0.4613807308376387, F1 Micro: 0.5370498614958449, F1 Macro: 0.4785721607886333
F2 Micro: 0.5370498614958449, F2 Macro: 0.46278507987371265, Precision: 0.5918400560464141, Recall: 0.4613807308376387, ROC_AUC: 0.832536407585129
